2020-01-10 12:26:29 Notice: Notice (1024): Undefined property: ProdutosController::$produtos in C:\wamp64\www\projeto_mod13\src\Controller\ProdutosController.php on line 8 in [C:\wamp64\www\projeto_mod13\vendor\cakephp\cakephp\src\Controller\Controller.php, line 314]
Request URL: /Produtos
Trace:
Cake\Error\BaseErrorHandler::handleError() - CORE\src\Error\BaseErrorHandler.php, line 178
DebugKit\Plugin::DebugKit\{closure}() - ROOT\vendor\cakephp\debug_kit\src\Plugin.php, line 90
Cake\Controller\Controller::__get() - CORE\src\Controller\Controller.php, line 314
App\Controller\ProdutosController::index() - APP/Controller\ProdutosController.php, line 8
Cake\Controller\Controller::invokeAction() - CORE\src\Controller\Controller.php, line 524
Cake\Controller\ControllerFactory::invoke() - CORE\src\Controller\ControllerFactory.php, line 79
Cake\Http\BaseApplication::handle() - CORE\src\Http\BaseApplication.php, line 229
Cake\Http\Runner::handle() - CORE\src\Http\Runner.php, line 77
Cake\Http\Runner::handle() - CORE\src\Http\Runner.php, line 77
Cake\Http\Middleware\CsrfProtectionMiddleware::process() - CORE\src\Http\Middleware\CsrfProtectionMiddleware.php, line 132
Cake\Http\Runner::handle() - CORE\src\Http\Runner.php, line 73
Cake\Http\Runner::run() - CORE\src\Http\Runner.php, line 58
Cake\Routing\Middleware\RoutingMiddleware::process() - CORE\src\Routing\Middleware\RoutingMiddleware.php, line 162
Cake\Http\Runner::handle() - CORE\src\Http\Runner.php, line 73
Cake\Routing\Middleware\AssetMiddleware::process() - CORE\src\Routing\Middleware\AssetMiddleware.php, line 68
Cake\Http\Runner::handle() - CORE\src\Http\Runner.php, line 73
Cake\Error\Middleware\ErrorHandlerMiddleware::process() - CORE\src\Error\Middleware\ErrorHandlerMiddleware.php, line 118
Cake\Http\Runner::handle() - CORE\src\Http\Runner.php, line 73
DebugKit\Middleware\DebugKitMiddleware::process() - ROOT\vendor\cakephp\debug_kit\src\Middleware\DebugKitMiddleware.php, line 60
Cake\Http\Runner::handle() - CORE\src\Http\Runner.php, line 73
Cake\Http\Runner::run() - CORE\src\Http\Runner.php, line 58
Cake\Http\Server::run() - CORE\src\Http\Server.php, line 90
[main] - ROOT\webroot\index.php, line 40



2020-01-13 16:28:40 Notice: Notice (1024): Undefined property: EncomendaController::$Encomendas in C:\wamp64\www\projeto_mod13\src\Controller\EncomendaController.php on line 8 in [C:\wamp64\www\projeto_mod13\vendor\cakephp\cakephp\src\Controller\Controller.php, line 314]
Request URL: /Encomenda
Trace:
Cake\Error\BaseErrorHandler::handleError() - CORE\src\Error\BaseErrorHandler.php, line 178
DebugKit\Plugin::DebugKit\{closure}() - ROOT\vendor\cakephp\debug_kit\src\Plugin.php, line 90
Cake\Controller\Controller::__get() - CORE\src\Controller\Controller.php, line 314
App\Controller\EncomendaController::index() - APP/Controller\EncomendaController.php, line 8
Cake\Controller\Controller::invokeAction() - CORE\src\Controller\Controller.php, line 524
Cake\Controller\ControllerFactory::invoke() - CORE\src\Controller\ControllerFactory.php, line 79
Cake\Http\BaseApplication::handle() - CORE\src\Http\BaseApplication.php, line 229
Cake\Http\Runner::handle() - CORE\src\Http\Runner.php, line 77
Cake\Http\Runner::handle() - CORE\src\Http\Runner.php, line 77
Cake\Http\Middleware\CsrfProtectionMiddleware::process() - CORE\src\Http\Middleware\CsrfProtectionMiddleware.php, line 132
Cake\Http\Runner::handle() - CORE\src\Http\Runner.php, line 73
Cake\Http\Runner::run() - CORE\src\Http\Runner.php, line 58
Cake\Routing\Middleware\RoutingMiddleware::process() - CORE\src\Routing\Middleware\RoutingMiddleware.php, line 162
Cake\Http\Runner::handle() - CORE\src\Http\Runner.php, line 73
Cake\Routing\Middleware\AssetMiddleware::process() - CORE\src\Routing\Middleware\AssetMiddleware.php, line 68
Cake\Http\Runner::handle() - CORE\src\Http\Runner.php, line 73
Cake\Error\Middleware\ErrorHandlerMiddleware::process() - CORE\src\Error\Middleware\ErrorHandlerMiddleware.php, line 118
Cake\Http\Runner::handle() - CORE\src\Http\Runner.php, line 73
DebugKit\Middleware\DebugKitMiddleware::process() - ROOT\vendor\cakephp\debug_kit\src\Middleware\DebugKitMiddleware.php, line 60
Cake\Http\Runner::handle() - CORE\src\Http\Runner.php, line 73
Cake\Http\Runner::run() - CORE\src\Http\Runner.php, line 58
Cake\Http\Server::run() - CORE\src\Http\Server.php, line 90
[main] - ROOT\webroot\index.php, line 40



2020-01-13 16:33:19 Notice: Notice (1024): Undefined property: EncomendaController::$Encomendas in C:\wamp64\www\projeto_mod13\src\Controller\EncomendaController.php on line 8 in [C:\wamp64\www\projeto_mod13\vendor\cakephp\cakephp\src\Controller\Controller.php, line 314]
Request URL: /Encomenda
Trace:
Cake\Error\BaseErrorHandler::handleError() - CORE\src\Error\BaseErrorHandler.php, line 178
DebugKit\Plugin::DebugKit\{closure}() - ROOT\vendor\cakephp\debug_kit\src\Plugin.php, line 90
Cake\Controller\Controller::__get() - CORE\src\Controller\Controller.php, line 314
App\Controller\EncomendaController::index() - APP/Controller\EncomendaController.php, line 8
Cake\Controller\Controller::invokeAction() - CORE\src\Controller\Controller.php, line 524
Cake\Controller\ControllerFactory::invoke() - CORE\src\Controller\ControllerFactory.php, line 79
Cake\Http\BaseApplication::handle() - CORE\src\Http\BaseApplication.php, line 229
Cake\Http\Runner::handle() - CORE\src\Http\Runner.php, line 77
Cake\Http\Runner::handle() - CORE\src\Http\Runner.php, line 77
Cake\Http\Middleware\CsrfProtectionMiddleware::process() - CORE\src\Http\Middleware\CsrfProtectionMiddleware.php, line 132
Cake\Http\Runner::handle() - CORE\src\Http\Runner.php, line 73
Cake\Http\Runner::run() - CORE\src\Http\Runner.php, line 58
Cake\Routing\Middleware\RoutingMiddleware::process() - CORE\src\Routing\Middleware\RoutingMiddleware.php, line 162
Cake\Http\Runner::handle() - CORE\src\Http\Runner.php, line 73
Cake\Routing\Middleware\AssetMiddleware::process() - CORE\src\Routing\Middleware\AssetMiddleware.php, line 68
Cake\Http\Runner::handle() - CORE\src\Http\Runner.php, line 73
Cake\Error\Middleware\ErrorHandlerMiddleware::process() - CORE\src\Error\Middleware\ErrorHandlerMiddleware.php, line 118
Cake\Http\Runner::handle() - CORE\src\Http\Runner.php, line 73
DebugKit\Middleware\DebugKitMiddleware::process() - ROOT\vendor\cakephp\debug_kit\src\Middleware\DebugKitMiddleware.php, line 60
Cake\Http\Runner::handle() - CORE\src\Http\Runner.php, line 73
Cake\Http\Runner::run() - CORE\src\Http\Runner.php, line 58
Cake\Http\Server::run() - CORE\src\Http\Server.php, line 90
[main] - ROOT\webroot\index.php, line 40



2020-01-14 10:03:40 Notice: Notice (1024): Undefined property: UtilizadorController::$Utilzador in C:\wamp64\www\projeto_mod13\src\Controller\UtilizadorController.php on line 21 in [C:\wamp64\www\projeto_mod13\vendor\cakephp\cakephp\src\Controller\Controller.php, line 314]
Request URL: /utilizador/add
Referer URL: http://localhost/projeto_mod13/Utilizador
Trace:
Cake\Error\BaseErrorHandler::handleError() - CORE\src\Error\BaseErrorHandler.php, line 178
DebugKit\Plugin::DebugKit\{closure}() - ROOT\vendor\cakephp\debug_kit\src\Plugin.php, line 90
Cake\Controller\Controller::__get() - CORE\src\Controller\Controller.php, line 314
App\Controller\UtilizadorController::add() - APP/Controller\UtilizadorController.php, line 21
Cake\Controller\Controller::invokeAction() - CORE\src\Controller\Controller.php, line 524
Cake\Controller\ControllerFactory::invoke() - CORE\src\Controller\ControllerFactory.php, line 79
Cake\Http\BaseApplication::handle() - CORE\src\Http\BaseApplication.php, line 229
Cake\Http\Runner::handle() - CORE\src\Http\Runner.php, line 77
Cake\Http\Runner::handle() - CORE\src\Http\Runner.php, line 77
Cake\Http\Middleware\CsrfProtectionMiddleware::process() - CORE\src\Http\Middleware\CsrfProtectionMiddleware.php, line 132
Cake\Http\Runner::handle() - CORE\src\Http\Runner.php, line 73
Cake\Http\Runner::run() - CORE\src\Http\Runner.php, line 58
Cake\Routing\Middleware\RoutingMiddleware::process() - CORE\src\Routing\Middleware\RoutingMiddleware.php, line 162
Cake\Http\Runner::handle() - CORE\src\Http\Runner.php, line 73
Cake\Routing\Middleware\AssetMiddleware::process() - CORE\src\Routing\Middleware\AssetMiddleware.php, line 68
Cake\Http\Runner::handle() - CORE\src\Http\Runner.php, line 73
Cake\Error\Middleware\ErrorHandlerMiddleware::process() - CORE\src\Error\Middleware\ErrorHandlerMiddleware.php, line 118
Cake\Http\Runner::handle() - CORE\src\Http\Runner.php, line 73
DebugKit\Middleware\DebugKitMiddleware::process() - ROOT\vendor\cakephp\debug_kit\src\Middleware\DebugKitMiddleware.php, line 60
Cake\Http\Runner::handle() - CORE\src\Http\Runner.php, line 73
Cake\Http\Runner::run() - CORE\src\Http\Runner.php, line 58
Cake\Http\Server::run() - CORE\src\Http\Server.php, line 90
[main] - ROOT\webroot\index.php, line 40



2020-01-14 10:04:27 Notice: Notice (8): Undefined variable: produtos in [C:\wamp64\www\projeto_mod13\templates\Utilizador\add.php, line 3]
Request URL: /utilizador/add
Referer URL: http://localhost/projeto_mod13/Utilizador
Trace:
Cake\Error\BaseErrorHandler::handleError() - CORE\src\Error\BaseErrorHandler.php, line 178
DebugKit\Plugin::DebugKit\{closure}() - ROOT\vendor\cakephp\debug_kit\src\Plugin.php, line 90
include - ROOT\templates\Utilizador\add.php, line 3
Cake\View\View::_evaluate() - CORE\src\View\View.php, line 1164
Cake\View\View::_render() - CORE\src\View\View.php, line 1125
Cake\View\View::render() - CORE\src\View\View.php, line 750
Cake\Controller\Controller::render() - CORE\src\Controller\Controller.php, line 691
Cake\Controller\Controller::invokeAction() - CORE\src\Controller\Controller.php, line 533
Cake\Controller\ControllerFactory::invoke() - CORE\src\Controller\ControllerFactory.php, line 79
Cake\Http\BaseApplication::handle() - CORE\src\Http\BaseApplication.php, line 229
Cake\Http\Runner::handle() - CORE\src\Http\Runner.php, line 77
Cake\Http\Runner::handle() - CORE\src\Http\Runner.php, line 77
Cake\Http\Middleware\CsrfProtectionMiddleware::process() - CORE\src\Http\Middleware\CsrfProtectionMiddleware.php, line 132
Cake\Http\Runner::handle() - CORE\src\Http\Runner.php, line 73
Cake\Http\Runner::run() - CORE\src\Http\Runner.php, line 58
Cake\Routing\Middleware\RoutingMiddleware::process() - CORE\src\Routing\Middleware\RoutingMiddleware.php, line 162
Cake\Http\Runner::handle() - CORE\src\Http\Runner.php, line 73
Cake\Routing\Middleware\AssetMiddleware::process() - CORE\src\Routing\Middleware\AssetMiddleware.php, line 68
Cake\Http\Runner::handle() - CORE\src\Http\Runner.php, line 73
Cake\Error\Middleware\ErrorHandlerMiddleware::process() - CORE\src\Error\Middleware\ErrorHandlerMiddleware.php, line 118
Cake\Http\Runner::handle() - CORE\src\Http\Runner.php, line 73
DebugKit\Middleware\DebugKitMiddleware::process() - ROOT\vendor\cakephp\debug_kit\src\Middleware\DebugKitMiddleware.php, line 60
Cake\Http\Runner::handle() - CORE\src\Http\Runner.php, line 73
Cake\Http\Runner::run() - CORE\src\Http\Runner.php, line 58
Cake\Http\Server::run() - CORE\src\Http\Server.php, line 90
[main] - ROOT\webroot\index.php, line 40



